[2026-05-20T00:00:01Z] === wiki-sync start ===
[2026-05-20T00:00:01Z] === wiki-sync start ===
[2026-05-20T00:00:04Z] Nothing new to ingest. Exiting.
[2026-05-20T00:00:04Z] Nothing new to ingest. Exiting.
[2026-05-21T00:00:02Z] === wiki-sync start ===
[2026-05-21T00:00:02Z] === wiki-sync start ===
[2026-05-21T00:00:04Z] Found 2 uningested file(s):
[2026-05-21T00:00:04Z] Found 2 uningested file(s):
[2026-05-21T00:00:04Z]   /home/sancho/pinky/raw/newsletters/2026-05-20-evening-dispatch.md
[2026-05-21T00:00:04Z]   /home/sancho/pinky/raw/newsletters/2026-05-20-evening-dispatch.md
[2026-05-21T00:00:04Z]   /home/sancho/pinky/raw/newsletters/2026-05-20-morning-dispatch.md
[2026-05-21T00:00:04Z]   /home/sancho/pinky/raw/newsletters/2026-05-20-morning-dispatch.md
[2026-05-21T00:00:04Z] Invoking pi --print to ingest files...
[2026-05-21T00:00:04Z] Invoking pi --print to ingest files...
/usr/bin/env: ‘node’: No such file or directory
/usr/bin/env: ‘node’: No such file or directory
[2026-05-22T00:00:01Z] === wiki-sync start ===
[2026-05-22T00:00:01Z] === wiki-sync start ===
[2026-05-22T00:00:04Z] Found 3 uningested file(s):
[2026-05-22T00:00:04Z] Found 3 uningested file(s):
[2026-05-22T00:00:04Z]   /home/sancho/pinky/raw/newsletters/2026-05-20-evening-dispatch.md
[2026-05-22T00:00:04Z]   /home/sancho/pinky/raw/newsletters/2026-05-20-evening-dispatch.md
[2026-05-22T00:00:04Z]   /home/sancho/pinky/raw/newsletters/2026-05-20-morning-dispatch.md
[2026-05-22T00:00:04Z]   /home/sancho/pinky/raw/newsletters/2026-05-20-morning-dispatch.md
[2026-05-22T00:00:04Z]   /home/sancho/pinky/raw/newsletters/2026-05-21-morning-dispatch.md
[2026-05-22T00:00:04Z]   /home/sancho/pinky/raw/newsletters/2026-05-21-morning-dispatch.md
[2026-05-22T00:00:04Z] Invoking pi --print to ingest files...
[2026-05-22T00:00:04Z] Invoking pi --print to ingest files...
/usr/bin/env: ‘node’: No such file or directory
/usr/bin/env: ‘node’: No such file or directory
[2026-05-23T00:00:02Z] === wiki-sync start ===
[2026-05-23T00:00:02Z] === wiki-sync start ===
[2026-05-23T00:00:04Z] Found 4 uningested file(s):
[2026-05-23T00:00:04Z] Found 4 uningested file(s):
[2026-05-23T00:00:04Z]   /home/sancho/pinky/raw/newsletters/2026-05-20-evening-dispatch.md
[2026-05-23T00:00:04Z]   /home/sancho/pinky/raw/newsletters/2026-05-20-evening-dispatch.md
[2026-05-23T00:00:04Z]   /home/sancho/pinky/raw/newsletters/2026-05-20-morning-dispatch.md
[2026-05-23T00:00:04Z]   /home/sancho/pinky/raw/newsletters/2026-05-20-morning-dispatch.md
[2026-05-23T00:00:04Z]   /home/sancho/pinky/raw/newsletters/2026-05-21-morning-dispatch.md
[2026-05-23T00:00:04Z]   /home/sancho/pinky/raw/newsletters/2026-05-21-morning-dispatch.md
[2026-05-23T00:00:04Z]   /home/sancho/pinky/raw/newsletters/2026-05-22-morning-dispatch.md
[2026-05-23T00:00:04Z]   /home/sancho/pinky/raw/newsletters/2026-05-22-morning-dispatch.md
[2026-05-23T00:00:04Z] Invoking pi --print to ingest files...
[2026-05-23T00:00:04Z] Invoking pi --print to ingest files...
/usr/bin/env: ‘node’: No such file or directory
/usr/bin/env: ‘node’: No such file or directory
